<?xml version="1.0" encoding="UTF-8"?><testsuite errors="0" failures="0" name="Search results and article suggestions or autocomplete" skipped="0" tests="7" time="72.7" timestamp="2020-05-02 07:38:05"><testcase name="On entering search keywords, the user should be able to see article suggestions"/><testcase name="On entering search keywords, and clicking an article suggestion, the user should be taken to an article page"/><testcase name="On entering search keywords and pressing enter, user should be able to see search results"/></testsuite>